2021-01-16T12:58:38+00:00 CRITICAL Uncaught Error: Unknown named parameter $tasks_meta_id in F:\xampp\htdocs\test\wp-includes\class-wp-hook.php:287
Stack trace:
#0 F:\xampp\htdocs\test\wp-includes\class-wp-hook.php(311): WP_Hook->apply_filters('', Array)
#1 F:\xampp\htdocs\test\wp-includes\plugin.php(551): WP_Hook->do_action(Array)
#2 F:\xampp\htdocs\test\wp-content\plugins\woocommerce\packages\action-scheduler\classes\actions\ActionScheduler_Action.php(22): do_action_ref_array('wpforms_email_s...', Array)
#3 F:\xampp\htdocs\test\wp-content\plugins\woocommerce\packages\action-scheduler\classes\abstracts\ActionScheduler_Abstract_QueueRunner.php(65): ActionScheduler_Action->execute()
#4 F:\xampp\htdocs\test\wp-content\plugins\woocommerce\packages\action-scheduler\classes\ActionScheduler_QueueRunner.php(162): ActionScheduler_Abstract_QueueRunner->process_action(11, 'Async Request')
#5 F:\xampp\htdocs\test\wp-content\plugins\woocommerce\packages\action-scheduler\classes\ActionScheduler_QueueRunner.php(132): ActionScheduler_QueueRunner->do_batch(25, 'Async Request')
#6 F:\xampp\htdocs\test\wp-includes\class-wp-hook.php(287): ActionScheduler_QueueRunner->run('Async Request')
#7 F:\xampp\htdocs\test\wp-includes\class-wp-hook.php(311): WP_Hook->apply_filters('', Array)
#8 F:\xampp\htdocs\test\wp-includes\plugin.php(484): WP_Hook->do_action(Array)
#9 F:\xampp\htdocs\test\wp-content\plugins\woocommerce\packages\action-scheduler\classes\ActionScheduler_AsyncRequest_QueueRunner.php(52): do_action('action_schedule...', 'Async Request')
#10 F:\xampp\htdocs\test\wp-content\plugins\simply-static\includes\libraries\wp-background-processing\classes\wp-async-request.php(149): ActionScheduler_AsyncRequest_QueueRunner->handle()
#11 F:\xampp\htdocs\test\wp-includes\class-wp-hook.php(287): WP_Async_Request->maybe_handle('')
#12 F:\xampp\htdocs\test\wp-includes\class-wp-hook.php(311): WP_Hook->apply_filters('', Array)
#13 F:\xampp\htdocs\test\wp-includes\plugin.php(484): WP_Hook->do_action(Array)
#14 F:\xampp\htdocs\test\wp-admin\admin-ajax.php(184): do_action('wp_ajax_as_asyn...')
#15 {main}
  thrown in F:\xampp\htdocs\test\wp-includes\class-wp-hook.php on line 287

2021-01-16T13:04:57+00:00 CRITICAL Uncaught ValueError: Path cannot be empty in F:\xampp\htdocs\test\wp-admin\includes\class-wp-filesystem-direct.php:66
Stack trace:
#0 F:\xampp\htdocs\test\wp-admin\includes\class-wp-filesystem-direct.php(66): fopen('', 'wb')
#1 F:\xampp\htdocs\test\wp-content\plugins\astra-sites\inc\classes\class-astra-sites-importer-log.php(255): WP_Filesystem_Direct->put_contents(NULL, '\r\nComplete ', 438)
#2 F:\xampp\htdocs\test\wp-content\plugins\astra-sites\inc\classes\class-astra-sites-importer.php(633): Astra_Sites_Importer_Log::add('Complete ')
#3 F:\xampp\htdocs\test\wp-includes\class-wp-hook.php(287): Astra_Sites_Importer->after_batch_complete('')
#4 F:\xampp\htdocs\test\wp-includes\class-wp-hook.php(311): WP_Hook->apply_filters('', Array)
#5 F:\xampp\htdocs\test\wp-includes\plugin.php(484): WP_Hook->do_action(Array)
#6 F:\xampp\htdocs\test\wp-content\plugins\astra-sites\inc\importers\batch-processing\helpers\class-wp-background-process-astra.php(64): do_action('astra_sites_ima...')
#7 F:\xampp\htdocs\test\wp-content\plugins\simply-static\includes\libraries\wp-background-processing\classes\wp-background-process.php(331): WP_Background_Process_Astra->complete()
#8 F:\xampp\htdocs\test\wp-content\plugins\simply-static\includes\libraries\wp-background-processing\classes\wp-background-process.php(449): WP_Background_Process->handle()
#9 F:\xampp\htdocs\test\wp-includes\class-wp-hook.php(287): WP_Background_Process->handle_cron_healthcheck()
#10 F:\xampp\htdocs\test\wp-includes\class-wp-hook.php(311): WP_Hook->apply_filters('', Array)
#11 F:\xampp\htdocs\test\wp-includes\plugin.php(551): WP_Hook->do_action(Array)
#12 F:\xampp\htdocs\test\wp-cron.php(138): do_action_ref_array('wp_image_proces...', Array)
#13 {main}
  thrown in F:\xampp\htdocs\test\wp-admin\includes\class-wp-filesystem-direct.php on line 66

2021-01-16T13:09:41+00:00 CRITICAL Uncaught Error: Unknown named parameter $tasks_meta_id in F:\xampp\htdocs\test\wp-includes\class-wp-hook.php:287
Stack trace:
#0 F:\xampp\htdocs\test\wp-includes\class-wp-hook.php(311): WP_Hook->apply_filters('', Array)
#1 F:\xampp\htdocs\test\wp-includes\plugin.php(551): WP_Hook->do_action(Array)
#2 F:\xampp\htdocs\test\wp-content\plugins\woocommerce\packages\action-scheduler\classes\actions\ActionScheduler_Action.php(22): do_action_ref_array('wpforms_admin_n...', Array)
#3 F:\xampp\htdocs\test\wp-content\plugins\woocommerce\packages\action-scheduler\classes\abstracts\ActionScheduler_Abstract_QueueRunner.php(65): ActionScheduler_Action->execute()
#4 F:\xampp\htdocs\test\wp-content\plugins\woocommerce\packages\action-scheduler\classes\ActionScheduler_QueueRunner.php(162): ActionScheduler_Abstract_QueueRunner->process_action(12, 'WP Cron')
#5 F:\xampp\htdocs\test\wp-content\plugins\woocommerce\packages\action-scheduler\classes\ActionScheduler_QueueRunner.php(132): ActionScheduler_QueueRunner->do_batch(25, 'WP Cron')
#6 F:\xampp\htdocs\test\wp-includes\class-wp-hook.php(287): ActionScheduler_QueueRunner->run('WP Cron')
#7 F:\xampp\htdocs\test\wp-includes\class-wp-hook.php(311): WP_Hook->apply_filters('', Array)
#8 F:\xampp\htdocs\test\wp-includes\plugin.php(551): WP_Hook->do_action(Array)
#9 F:\xampp\htdocs\test\wp-cron.php(138): do_action_ref_array('action_schedule...', Array)
#10 {main}
  thrown in F:\xampp\htdocs\test\wp-includes\class-wp-hook.php on line 287

2021-01-16T13:29:03+00:00 CRITICAL Uncaught Error: Unknown named parameter $tasks_meta_id in F:\xampp\htdocs\test\wp-includes\class-wp-hook.php:287
Stack trace:
#0 F:\xampp\htdocs\test\wp-includes\class-wp-hook.php(311): WP_Hook->apply_filters('', Array)
#1 F:\xampp\htdocs\test\wp-includes\plugin.php(551): WP_Hook->do_action(Array)
#2 F:\xampp\htdocs\test\wp-content\plugins\woocommerce\packages\action-scheduler\classes\actions\ActionScheduler_Action.php(22): do_action_ref_array('wpforms_admin_n...', Array)
#3 F:\xampp\htdocs\test\wp-content\plugins\woocommerce\packages\action-scheduler\classes\abstracts\ActionScheduler_Abstract_QueueRunner.php(65): ActionScheduler_Action->execute()
#4 F:\xampp\htdocs\test\wp-content\plugins\woocommerce\packages\action-scheduler\classes\ActionScheduler_QueueRunner.php(162): ActionScheduler_Abstract_QueueRunner->process_action(13, 'WP Cron')
#5 F:\xampp\htdocs\test\wp-content\plugins\woocommerce\packages\action-scheduler\classes\ActionScheduler_QueueRunner.php(132): ActionScheduler_QueueRunner->do_batch(25, 'WP Cron')
#6 F:\xampp\htdocs\test\wp-includes\class-wp-hook.php(287): ActionScheduler_QueueRunner->run('WP Cron')
#7 F:\xampp\htdocs\test\wp-includes\class-wp-hook.php(311): WP_Hook->apply_filters('', Array)
#8 F:\xampp\htdocs\test\wp-includes\plugin.php(551): WP_Hook->do_action(Array)
#9 F:\xampp\htdocs\test\wp-cron.php(138): do_action_ref_array('action_schedule...', Array)
#10 {main}
  thrown in F:\xampp\htdocs\test\wp-includes\class-wp-hook.php on line 287

2021-01-16T13:30:10+00:00 CRITICAL Uncaught Error: Unknown named parameter $tasks_meta_id in F:\xampp\htdocs\test\wp-includes\class-wp-hook.php:287
Stack trace:
#0 F:\xampp\htdocs\test\wp-includes\class-wp-hook.php(311): WP_Hook->apply_filters('', Array)
#1 F:\xampp\htdocs\test\wp-includes\plugin.php(551): WP_Hook->do_action(Array)
#2 F:\xampp\htdocs\test\wp-content\plugins\woocommerce\packages\action-scheduler\classes\actions\ActionScheduler_Action.php(22): do_action_ref_array('wpforms_admin_n...', Array)
#3 F:\xampp\htdocs\test\wp-content\plugins\woocommerce\packages\action-scheduler\classes\abstracts\ActionScheduler_Abstract_QueueRunner.php(65): ActionScheduler_Action->execute()
#4 F:\xampp\htdocs\test\wp-content\plugins\woocommerce\packages\action-scheduler\classes\ActionScheduler_QueueRunner.php(162): ActionScheduler_Abstract_QueueRunner->process_action(14, 'WP Cron')
#5 F:\xampp\htdocs\test\wp-content\plugins\woocommerce\packages\action-scheduler\classes\ActionScheduler_QueueRunner.php(132): ActionScheduler_QueueRunner->do_batch(25, 'WP Cron')
#6 F:\xampp\htdocs\test\wp-includes\class-wp-hook.php(287): ActionScheduler_QueueRunner->run('WP Cron')
#7 F:\xampp\htdocs\test\wp-includes\class-wp-hook.php(311): WP_Hook->apply_filters('', Array)
#8 F:\xampp\htdocs\test\wp-includes\plugin.php(551): WP_Hook->do_action(Array)
#9 F:\xampp\htdocs\test\wp-cron.php(138): do_action_ref_array('action_schedule...', Array)
#10 {main}
  thrown in F:\xampp\htdocs\test\wp-includes\class-wp-hook.php on line 287

2021-01-16T13:30:18+00:00 CRITICAL Uncaught Error: Unknown named parameter $tasks_meta_id in F:\xampp\htdocs\test\wp-includes\class-wp-hook.php:287
Stack trace:
#0 F:\xampp\htdocs\test\wp-includes\class-wp-hook.php(311): WP_Hook->apply_filters('', Array)
#1 F:\xampp\htdocs\test\wp-includes\plugin.php(551): WP_Hook->do_action(Array)
#2 F:\xampp\htdocs\test\wp-content\plugins\woocommerce\packages\action-scheduler\classes\actions\ActionScheduler_Action.php(22): do_action_ref_array('wpforms_admin_n...', Array)
#3 F:\xampp\htdocs\test\wp-content\plugins\woocommerce\packages\action-scheduler\classes\abstracts\ActionScheduler_Abstract_QueueRunner.php(65): ActionScheduler_Action->execute()
#4 F:\xampp\htdocs\test\wp-content\plugins\woocommerce\packages\action-scheduler\classes\ActionScheduler_QueueRunner.php(162): ActionScheduler_Abstract_QueueRunner->process_action(15, 'Async Request')
#5 F:\xampp\htdocs\test\wp-content\plugins\woocommerce\packages\action-scheduler\classes\ActionScheduler_QueueRunner.php(132): ActionScheduler_QueueRunner->do_batch(25, 'Async Request')
#6 F:\xampp\htdocs\test\wp-includes\class-wp-hook.php(287): ActionScheduler_QueueRunner->run('Async Request')
#7 F:\xampp\htdocs\test\wp-includes\class-wp-hook.php(311): WP_Hook->apply_filters('', Array)
#8 F:\xampp\htdocs\test\wp-includes\plugin.php(484): WP_Hook->do_action(Array)
#9 F:\xampp\htdocs\test\wp-content\plugins\woocommerce\packages\action-scheduler\classes\ActionScheduler_AsyncRequest_QueueRunner.php(52): do_action('action_schedule...', 'Async Request')
#10 F:\xampp\htdocs\test\wp-content\plugins\simply-static\includes\libraries\wp-background-processing\classes\wp-async-request.php(149): ActionScheduler_AsyncRequest_QueueRunner->handle()
#11 F:\xampp\htdocs\test\wp-includes\class-wp-hook.php(287): WP_Async_Request->maybe_handle('')
#12 F:\xampp\htdocs\test\wp-includes\class-wp-hook.php(311): WP_Hook->apply_filters('', Array)
#13 F:\xampp\htdocs\test\wp-includes\plugin.php(484): WP_Hook->do_action(Array)
#14 F:\xampp\htdocs\test\wp-admin\admin-ajax.php(184): do_action('wp_ajax_as_asyn...')
#15 {main}
  thrown in F:\xampp\htdocs\test\wp-includes\class-wp-hook.php on line 287

2021-01-16T13:31:23+00:00 CRITICAL Uncaught Error: Unknown named parameter $tasks_meta_id in F:\xampp\htdocs\test\wp-includes\class-wp-hook.php:287
Stack trace:
#0 F:\xampp\htdocs\test\wp-includes\class-wp-hook.php(311): WP_Hook->apply_filters('', Array)
#1 F:\xampp\htdocs\test\wp-includes\plugin.php(551): WP_Hook->do_action(Array)
#2 F:\xampp\htdocs\test\wp-content\plugins\woocommerce\packages\action-scheduler\classes\actions\ActionScheduler_Action.php(22): do_action_ref_array('wpforms_admin_n...', Array)
#3 F:\xampp\htdocs\test\wp-content\plugins\woocommerce\packages\action-scheduler\classes\abstracts\ActionScheduler_Abstract_QueueRunner.php(65): ActionScheduler_Action->execute()
#4 F:\xampp\htdocs\test\wp-content\plugins\woocommerce\packages\action-scheduler\classes\ActionScheduler_QueueRunner.php(162): ActionScheduler_Abstract_QueueRunner->process_action(16, 'WP Cron')
#5 F:\xampp\htdocs\test\wp-content\plugins\woocommerce\packages\action-scheduler\classes\ActionScheduler_QueueRunner.php(132): ActionScheduler_QueueRunner->do_batch(25, 'WP Cron')
#6 F:\xampp\htdocs\test\wp-includes\class-wp-hook.php(287): ActionScheduler_QueueRunner->run('WP Cron')
#7 F:\xampp\htdocs\test\wp-includes\class-wp-hook.php(311): WP_Hook->apply_filters('', Array)
#8 F:\xampp\htdocs\test\wp-includes\plugin.php(551): WP_Hook->do_action(Array)
#9 F:\xampp\htdocs\test\wp-cron.php(138): do_action_ref_array('action_schedule...', Array)
#10 {main}
  thrown in F:\xampp\htdocs\test\wp-includes\class-wp-hook.php on line 287

2021-01-16T13:31:25+00:00 CRITICAL Uncaught Error: Unknown named parameter $tasks_meta_id in F:\xampp\htdocs\test\wp-includes\class-wp-hook.php:287
Stack trace:
#0 F:\xampp\htdocs\test\wp-includes\class-wp-hook.php(311): WP_Hook->apply_filters('', Array)
#1 F:\xampp\htdocs\test\wp-includes\plugin.php(551): WP_Hook->do_action(Array)
#2 F:\xampp\htdocs\test\wp-content\plugins\woocommerce\packages\action-scheduler\classes\actions\ActionScheduler_Action.php(22): do_action_ref_array('wpforms_admin_n...', Array)
#3 F:\xampp\htdocs\test\wp-content\plugins\woocommerce\packages\action-scheduler\classes\abstracts\ActionScheduler_Abstract_QueueRunner.php(65): ActionScheduler_Action->execute()
#4 F:\xampp\htdocs\test\wp-content\plugins\woocommerce\packages\action-scheduler\classes\ActionScheduler_QueueRunner.php(162): ActionScheduler_Abstract_QueueRunner->process_action(17, 'Async Request')
#5 F:\xampp\htdocs\test\wp-content\plugins\woocommerce\packages\action-scheduler\classes\ActionScheduler_QueueRunner.php(132): ActionScheduler_QueueRunner->do_batch(25, 'Async Request')
#6 F:\xampp\htdocs\test\wp-includes\class-wp-hook.php(287): ActionScheduler_QueueRunner->run('Async Request')
#7 F:\xampp\htdocs\test\wp-includes\class-wp-hook.php(311): WP_Hook->apply_filters('', Array)
#8 F:\xampp\htdocs\test\wp-includes\plugin.php(484): WP_Hook->do_action(Array)
#9 F:\xampp\htdocs\test\wp-content\plugins\woocommerce\packages\action-scheduler\classes\ActionScheduler_AsyncRequest_QueueRunner.php(52): do_action('action_schedule...', 'Async Request')
#10 F:\xampp\htdocs\test\wp-content\plugins\simply-static\includes\libraries\wp-background-processing\classes\wp-async-request.php(149): ActionScheduler_AsyncRequest_QueueRunner->handle()
#11 F:\xampp\htdocs\test\wp-includes\class-wp-hook.php(287): WP_Async_Request->maybe_handle('')
#12 F:\xampp\htdocs\test\wp-includes\class-wp-hook.php(311): WP_Hook->apply_filters('', Array)
#13 F:\xampp\htdocs\test\wp-includes\plugin.php(484): WP_Hook->do_action(Array)
#14 F:\xampp\htdocs\test\wp-admin\admin-ajax.php(184): do_action('wp_ajax_as_asyn...')
#15 {main}
  thrown in F:\xampp\htdocs\test\wp-includes\class-wp-hook.php on line 287

2021-01-16T13:32:34+00:00 CRITICAL Uncaught Error: Unknown named parameter $tasks_meta_id in F:\xampp\htdocs\test\wp-includes\class-wp-hook.php:287
Stack trace:
#0 F:\xampp\htdocs\test\wp-includes\class-wp-hook.php(311): WP_Hook->apply_filters('', Array)
#1 F:\xampp\htdocs\test\wp-includes\plugin.php(551): WP_Hook->do_action(Array)
#2 F:\xampp\htdocs\test\wp-content\plugins\woocommerce\packages\action-scheduler\classes\actions\ActionScheduler_Action.php(22): do_action_ref_array('wpforms_admin_n...', Array)
#3 F:\xampp\htdocs\test\wp-content\plugins\woocommerce\packages\action-scheduler\classes\abstracts\ActionScheduler_Abstract_QueueRunner.php(65): ActionScheduler_Action->execute()
#4 F:\xampp\htdocs\test\wp-content\plugins\woocommerce\packages\action-scheduler\classes\ActionScheduler_QueueRunner.php(162): ActionScheduler_Abstract_QueueRunner->process_action(18, 'WP Cron')
#5 F:\xampp\htdocs\test\wp-content\plugins\woocommerce\packages\action-scheduler\classes\ActionScheduler_QueueRunner.php(132): ActionScheduler_QueueRunner->do_batch(25, 'WP Cron')
#6 F:\xampp\htdocs\test\wp-includes\class-wp-hook.php(287): ActionScheduler_QueueRunner->run('WP Cron')
#7 F:\xampp\htdocs\test\wp-includes\class-wp-hook.php(311): WP_Hook->apply_filters('', Array)
#8 F:\xampp\htdocs\test\wp-includes\plugin.php(551): WP_Hook->do_action(Array)
#9 F:\xampp\htdocs\test\wp-cron.php(138): do_action_ref_array('action_schedule...', Array)
#10 {main}
  thrown in F:\xampp\htdocs\test\wp-includes\class-wp-hook.php on line 287

2021-01-16T14:31:26+00:00 CRITICAL Uncaught Error: Unknown named parameter $tasks_meta_id in F:\xampp\htdocs\test\wp-includes\class-wp-hook.php:287
Stack trace:
#0 F:\xampp\htdocs\test\wp-includes\class-wp-hook.php(311): WP_Hook->apply_filters('', Array)
#1 F:\xampp\htdocs\test\wp-includes\plugin.php(551): WP_Hook->do_action(Array)
#2 F:\xampp\htdocs\test\wp-content\plugins\woocommerce\packages\action-scheduler\classes\actions\ActionScheduler_Action.php(22): do_action_ref_array('wpforms_admin_n...', Array)
#3 F:\xampp\htdocs\test\wp-content\plugins\woocommerce\packages\action-scheduler\classes\abstracts\ActionScheduler_Abstract_QueueRunner.php(65): ActionScheduler_Action->execute()
#4 F:\xampp\htdocs\test\wp-content\plugins\woocommerce\packages\action-scheduler\classes\ActionScheduler_QueueRunner.php(162): ActionScheduler_Abstract_QueueRunner->process_action(19, 'Async Request')
#5 F:\xampp\htdocs\test\wp-content\plugins\woocommerce\packages\action-scheduler\classes\ActionScheduler_QueueRunner.php(132): ActionScheduler_QueueRunner->do_batch(25, 'Async Request')
#6 F:\xampp\htdocs\test\wp-includes\class-wp-hook.php(287): ActionScheduler_QueueRunner->run('Async Request')
#7 F:\xampp\htdocs\test\wp-includes\class-wp-hook.php(311): WP_Hook->apply_filters('', Array)
#8 F:\xampp\htdocs\test\wp-includes\plugin.php(484): WP_Hook->do_action(Array)
#9 F:\xampp\htdocs\test\wp-content\plugins\woocommerce\packages\action-scheduler\classes\ActionScheduler_AsyncRequest_QueueRunner.php(52): do_action('action_schedule...', 'Async Request')
#10 F:\xampp\htdocs\test\wp-content\plugins\simply-static\includes\libraries\wp-background-processing\classes\wp-async-request.php(149): ActionScheduler_AsyncRequest_QueueRunner->handle()
#11 F:\xampp\htdocs\test\wp-includes\class-wp-hook.php(287): WP_Async_Request->maybe_handle('')
#12 F:\xampp\htdocs\test\wp-includes\class-wp-hook.php(311): WP_Hook->apply_filters('', Array)
#13 F:\xampp\htdocs\test\wp-includes\plugin.php(484): WP_Hook->do_action(Array)
#14 F:\xampp\htdocs\test\wp-admin\admin-ajax.php(184): do_action('wp_ajax_as_asyn...')
#15 {main}
  thrown in F:\xampp\htdocs\test\wp-includes\class-wp-hook.php on line 287

2021-01-16T14:32:31+00:00 CRITICAL Uncaught Error: Unknown named parameter $tasks_meta_id in F:\xampp\htdocs\test\wp-includes\class-wp-hook.php:287
Stack trace:
#0 F:\xampp\htdocs\test\wp-includes\class-wp-hook.php(311): WP_Hook->apply_filters('', Array)
#1 F:\xampp\htdocs\test\wp-includes\plugin.php(551): WP_Hook->do_action(Array)
#2 F:\xampp\htdocs\test\wp-content\plugins\woocommerce\packages\action-scheduler\classes\actions\ActionScheduler_Action.php(22): do_action_ref_array('wpforms_admin_n...', Array)
#3 F:\xampp\htdocs\test\wp-content\plugins\woocommerce\packages\action-scheduler\classes\abstracts\ActionScheduler_Abstract_QueueRunner.php(65): ActionScheduler_Action->execute()
#4 F:\xampp\htdocs\test\wp-content\plugins\woocommerce\packages\action-scheduler\classes\ActionScheduler_QueueRunner.php(162): ActionScheduler_Abstract_QueueRunner->process_action(20, 'Async Request')
#5 F:\xampp\htdocs\test\wp-content\plugins\woocommerce\packages\action-scheduler\classes\ActionScheduler_QueueRunner.php(132): ActionScheduler_QueueRunner->do_batch(25, 'Async Request')
#6 F:\xampp\htdocs\test\wp-includes\class-wp-hook.php(287): ActionScheduler_QueueRunner->run('Async Request')
#7 F:\xampp\htdocs\test\wp-includes\class-wp-hook.php(311): WP_Hook->apply_filters('', Array)
#8 F:\xampp\htdocs\test\wp-includes\plugin.php(484): WP_Hook->do_action(Array)
#9 F:\xampp\htdocs\test\wp-content\plugins\woocommerce\packages\action-scheduler\classes\ActionScheduler_AsyncRequest_QueueRunner.php(52): do_action('action_schedule...', 'Async Request')
#10 F:\xampp\htdocs\test\wp-content\plugins\simply-static\includes\libraries\wp-background-processing\classes\wp-async-request.php(149): ActionScheduler_AsyncRequest_QueueRunner->handle()
#11 F:\xampp\htdocs\test\wp-includes\class-wp-hook.php(287): WP_Async_Request->maybe_handle('')
#12 F:\xampp\htdocs\test\wp-includes\class-wp-hook.php(311): WP_Hook->apply_filters('', Array)
#13 F:\xampp\htdocs\test\wp-includes\plugin.php(484): WP_Hook->do_action(Array)
#14 F:\xampp\htdocs\test\wp-admin\admin-ajax.php(184): do_action('wp_ajax_as_asyn...')
#15 {main}
  thrown in F:\xampp\htdocs\test\wp-includes\class-wp-hook.php on line 287

2021-01-16T14:32:57+00:00 CRITICAL Uncaught Error: Unknown named parameter $tasks_meta_id in F:\xampp\htdocs\test\wp-includes\class-wp-hook.php:287
Stack trace:
#0 F:\xampp\htdocs\test\wp-includes\class-wp-hook.php(311): WP_Hook->apply_filters('', Array)
#1 F:\xampp\htdocs\test\wp-includes\plugin.php(551): WP_Hook->do_action(Array)
#2 F:\xampp\htdocs\test\wp-content\plugins\woocommerce\packages\action-scheduler\classes\actions\ActionScheduler_Action.php(22): do_action_ref_array('wpforms_admin_n...', Array)
#3 F:\xampp\htdocs\test\wp-content\plugins\woocommerce\packages\action-scheduler\classes\abstracts\ActionScheduler_Abstract_QueueRunner.php(65): ActionScheduler_Action->execute()
#4 F:\xampp\htdocs\test\wp-content\plugins\woocommerce\packages\action-scheduler\classes\ActionScheduler_QueueRunner.php(162): ActionScheduler_Abstract_QueueRunner->process_action(21, 'WP Cron')
#5 F:\xampp\htdocs\test\wp-content\plugins\woocommerce\packages\action-scheduler\classes\ActionScheduler_QueueRunner.php(132): ActionScheduler_QueueRunner->do_batch(25, 'WP Cron')
#6 F:\xampp\htdocs\test\wp-includes\class-wp-hook.php(287): ActionScheduler_QueueRunner->run('WP Cron')
#7 F:\xampp\htdocs\test\wp-includes\class-wp-hook.php(311): WP_Hook->apply_filters('', Array)
#8 F:\xampp\htdocs\test\wp-includes\plugin.php(551): WP_Hook->do_action(Array)
#9 F:\xampp\htdocs\test\wp-cron.php(138): do_action_ref_array('action_schedule...', Array)
#10 {main}
  thrown in F:\xampp\htdocs\test\wp-includes\class-wp-hook.php on line 287

2021-01-16T14:33:32+00:00 CRITICAL Uncaught Error: Unknown named parameter $tasks_meta_id in F:\xampp\htdocs\test\wp-includes\class-wp-hook.php:287
Stack trace:
#0 F:\xampp\htdocs\test\wp-includes\class-wp-hook.php(311): WP_Hook->apply_filters('', Array)
#1 F:\xampp\htdocs\test\wp-includes\plugin.php(551): WP_Hook->do_action(Array)
#2 F:\xampp\htdocs\test\wp-content\plugins\woocommerce\packages\action-scheduler\classes\actions\ActionScheduler_Action.php(22): do_action_ref_array('wpforms_admin_n...', Array)
#3 F:\xampp\htdocs\test\wp-content\plugins\woocommerce\packages\action-scheduler\classes\abstracts\ActionScheduler_Abstract_QueueRunner.php(65): ActionScheduler_Action->execute()
#4 F:\xampp\htdocs\test\wp-content\plugins\woocommerce\packages\action-scheduler\classes\ActionScheduler_QueueRunner.php(162): ActionScheduler_Abstract_QueueRunner->process_action(22, 'Async Request')
#5 F:\xampp\htdocs\test\wp-content\plugins\woocommerce\packages\action-scheduler\classes\ActionScheduler_QueueRunner.php(132): ActionScheduler_QueueRunner->do_batch(25, 'Async Request')
#6 F:\xampp\htdocs\test\wp-includes\class-wp-hook.php(287): ActionScheduler_QueueRunner->run('Async Request')
#7 F:\xampp\htdocs\test\wp-includes\class-wp-hook.php(311): WP_Hook->apply_filters('', Array)
#8 F:\xampp\htdocs\test\wp-includes\plugin.php(484): WP_Hook->do_action(Array)
#9 F:\xampp\htdocs\test\wp-content\plugins\woocommerce\packages\action-scheduler\classes\ActionScheduler_AsyncRequest_QueueRunner.php(52): do_action('action_schedule...', 'Async Request')
#10 F:\xampp\htdocs\test\wp-content\plugins\simply-static\includes\libraries\wp-background-processing\classes\wp-async-request.php(149): ActionScheduler_AsyncRequest_QueueRunner->handle()
#11 F:\xampp\htdocs\test\wp-includes\class-wp-hook.php(287): WP_Async_Request->maybe_handle('')
#12 F:\xampp\htdocs\test\wp-includes\class-wp-hook.php(311): WP_Hook->apply_filters('', Array)
#13 F:\xampp\htdocs\test\wp-includes\plugin.php(484): WP_Hook->do_action(Array)
#14 F:\xampp\htdocs\test\wp-admin\admin-ajax.php(184): do_action('wp_ajax_as_asyn...')
#15 {main}
  thrown in F:\xampp\htdocs\test\wp-includes\class-wp-hook.php on line 287

2021-01-16T14:39:52+00:00 CRITICAL Uncaught Error: Unknown named parameter $tasks_meta_id in F:\xampp\htdocs\test\wp-includes\class-wp-hook.php:287
Stack trace:
#0 F:\xampp\htdocs\test\wp-includes\class-wp-hook.php(311): WP_Hook->apply_filters('', Array)
#1 F:\xampp\htdocs\test\wp-includes\plugin.php(551): WP_Hook->do_action(Array)
#2 F:\xampp\htdocs\test\wp-content\plugins\woocommerce\packages\action-scheduler\classes\actions\ActionScheduler_Action.php(22): do_action_ref_array('wpforms_admin_n...', Array)
#3 F:\xampp\htdocs\test\wp-content\plugins\woocommerce\packages\action-scheduler\classes\abstracts\ActionScheduler_Abstract_QueueRunner.php(65): ActionScheduler_Action->execute()
#4 F:\xampp\htdocs\test\wp-content\plugins\woocommerce\packages\action-scheduler\classes\ActionScheduler_QueueRunner.php(162): ActionScheduler_Abstract_QueueRunner->process_action(23, 'Async Request')
#5 F:\xampp\htdocs\test\wp-content\plugins\woocommerce\packages\action-scheduler\classes\ActionScheduler_QueueRunner.php(132): ActionScheduler_QueueRunner->do_batch(25, 'Async Request')
#6 F:\xampp\htdocs\test\wp-includes\class-wp-hook.php(287): ActionScheduler_QueueRunner->run('Async Request')
#7 F:\xampp\htdocs\test\wp-includes\class-wp-hook.php(311): WP_Hook->apply_filters('', Array)
#8 F:\xampp\htdocs\test\wp-includes\plugin.php(484): WP_Hook->do_action(Array)
#9 F:\xampp\htdocs\test\wp-content\plugins\woocommerce\packages\action-scheduler\classes\ActionScheduler_AsyncRequest_QueueRunner.php(52): do_action('action_schedule...', 'Async Request')
#10 F:\xampp\htdocs\test\wp-content\plugins\simply-static\includes\libraries\wp-background-processing\classes\wp-async-request.php(149): ActionScheduler_AsyncRequest_QueueRunner->handle()
#11 F:\xampp\htdocs\test\wp-includes\class-wp-hook.php(287): WP_Async_Request->maybe_handle('')
#12 F:\xampp\htdocs\test\wp-includes\class-wp-hook.php(311): WP_Hook->apply_filters('', Array)
#13 F:\xampp\htdocs\test\wp-includes\plugin.php(484): WP_Hook->do_action(Array)
#14 F:\xampp\htdocs\test\wp-admin\admin-ajax.php(184): do_action('wp_ajax_as_asyn...')
#15 {main}
  thrown in F:\xampp\htdocs\test\wp-includes\class-wp-hook.php on line 287

2021-01-16T14:41:22+00:00 CRITICAL Maximum execution time of 120 seconds exceeded in F:\xampp\htdocs\test\wp-includes\wp-db.php on line 2056

